S01800006275696C642F726176656E2F6D61696E2E73726563DD
S11300000C9449000C9468000C9468000C946800EB
S11300100C9468000C9468000C9468000C946800BC
S11300200C9468000C9492060C9468000C94DD0601
S11300300C9468000C9468000C9468000C9468009C
S11300400C9468000C9468000C9468000C9468008C
S11300500C9438050C9468000C94F7050C94680013
S11300600C9468000C9468000C94F1060C946800DD
S11300700C9475060C9468000C9487060C94680024
S11300800C9468000C9468000C94680000020E063E
S11300900C0411241FBECFEFD0E4DEBFCDBF11E0AE
S11300A0A0E0B1E0E2E0F5E100E00BBF02C00790A0
S11300B00D92AC31B107D9F715E0ACE1B1E001C064
S11300C01D92A038B107E1F70E942D080C947F0A15
S11300D00C9400008FB7F89408958FBF0895FC0125
S11300E06115710511F481E0089580913F039091A9
S11300F04003892B11F085E00895709364056093A3
S11301006305F0934003E0933F0310923B03109286
S11301103A0381E080933C038091C0008064809323
S1130120C0008091C10080648093C100208181E07F
S113013090E090933B0380933A039FB7F894209305
S1130140C6008091C00080648093C0009FBF80E09F
S1130150089580911A01882379F520911E01213098
S113016059F582E080931E0180E590E090933E0370
S113017080933D038AE695E090932C0380932B03B0
S113018088E08093200183E080937D0510926505CB
S113019020931F019FB7F8948091BC0080935E0365
S11301A09FBF80915E038E71816A80935E0395E0A8
S11301B090931E018093BC0008957FB7F8946091DA
S11301C0B20020912E0330912F03409130035091BF
S11301D03103B99B11C08091B3009091B2002F5F9D
S11301E03F4F4F4F5F4F280F311D411D511D290FA8
S11301F0311D411D511D04C0260F311D411D511DCE
S11302007FBFB901CA010895982F2FB7F894E82F3A
S1130210F0E0EB5DFC4F80818F3F99F4E0917C0529
S1130220E91779F0809172058F3F19F49093720564
S113023004C0F0E0EB5DFC4F908390937C0580E07C
S113024001C085E02FBF0895AF92BF92CF92DF9295
S1130250EF92FF920F931F935B016C01E3E4F3E0D1
S113026070E0608561FF39C0E080F1800281138114
S11302702481358146815781D601C5018E199F0994
S1130280A00BB10B82179307A407B50730F160FFE9
S113029003C06D7F608708C02E0D3F1D401F511F96
S11302A02083318342835383713051F0713018F0CD
S11302B07230C1F40AC08FB7F89492B124E009C037
S11302C08FB7F89492B122E004C08FB7F89492B13A
S11302D021E0922792B98FBF05C07F5F39967330B2
S11302E009F0BFCF83E00E9404011F910F91FF909A
S11302F0EF90DF90CF90BF90AF900895982F8091AA
S11303001A01882309F05EC0992349F4A2E3B3E0FB
S1130310EAE6F5E088E001900D928150E1F79FB79D
S1130320F8948091BC0080935E039FBF80915E032C
S11303308E7F806980935E038093BC0080911D0151
S1130340833009F03FC080911901882309F03AC035
S1130350909117019F3FD9F0A92FB0E0FD01E35D13
S1130360FC4FE081E0931701EF3F11F4E093180193
S1130370A35DBC4F8FEF8C9390936003809319011E
S113038081E080931D0184E00E940401089581E0CE
S11303908093190110921D0180911E01813091F406
S11303A09FB7F8948091BC0080935E039FBF8091B7
S11303B05E038A7780935E038093BC0040984198E3
S11303C010921E010895DF92EF92FF920F931F93F4
S11303D0DFB6F8949091B3008091B20027B39817D8
S11303E011F021FF02C0DFBE70C080917505882323
S11303F0E1F10E94DD00E0907605F0907705009130
S113040078051091790520912101309122014091C4
S11304102301509124016E197F09800B910B6217FF
S113042073078407950720F01092750571E01EC0CC
S11304302E0D3F1D401F511F80912E0390912F03BD
S1130440A0913003B0913103281B390B4A0B5B0B8D
S1130450273E31054105510540F4622F223010F04A
S113046070E005C070E062E002C070E066EE962FB6
S113047091508091B60083FDFCCF8091B200981317
S1130480692F20912E0330912F0340913003509116
S11304903103DA01C9010196A11DB11D860F911D19
S11304A0A11DB11D82179307A407B50710F4622F8D
S11304B060958091B60083FDFCCF6093B300DFBEEE
S11304C0772319F082E00E9404011F910F91FF909D
S11304D0EF90DF900895E0911101F0911201809165
S11304E0150190911601E817F90711F423E00EC0E5
S11304F02191F0931201E0931101E552F34030F0A1
S113050085E291E09093120180931101822F089566
S11305100E946B02873119F40E946B028F7B08954D
S1130520FC0120E030E00DC08081823030F0843066
S113053010F0873111F42F5F3F4F2F5F3F4F615011
S113054070406115710581F7C9010895E0910F01AB
S1130550F09110018193F0931001E0930F01E156A3
S1130560F54030F081E693E09093100180930F0101
S113057008951F93182F823050F0843010F0873183
S113058031F487E10E94A602812F806401C0812F8B
S11305900E94A6021F91089520910B0130910C0135
S11305A080910D0190910E0128173907D1F46091C3
S11305B00F01709110016217730710F461E673E084
S11305C070930E0160930D016217730718F0621B9C
S11305D0730B04C0621B730B60507E4FC9010E94F1
S11305E06F000895AF92BF92CF92DF92EF92FF9285
S11305F00F931F93DF93CF93CDB7DEB762970FB6F8
S1130600F894DEBF0FBECDBF282F823009F486C018
S1130610833030F4882359F0813009F082C16DC0F1
S1130620833009F4BCC0843009F07BC124C19FB776
S1130630F894DE011396E2E3F3E088E001900D9272
S11306408150E1F79FBFDE011B96FE01339688E0DF
S113065001900D928150E1F73A8929898889822B8A
S11306609B85892B9C85892B9F85892B9D85892B2F
S11306709E85892B09F43DC0922F80E0830F911D44
S11306809A8389831FB7F894CE01019662E070E0E3
S11306900E949002BC0140910B0150910C01809189
S11306A00F01909110018417950710F09C0103C06D
S11306B09C0120503E4F241B350B6D5F7F4F80E023
S11306C092E0821B930B6817790788F482E00E94FA
S11306D0A60284E30E94B90289810E94B9028A8138
S11306E00E94B90283E00E94A6020E94CC021FBFAE
S11306F018C180E00E94040114C11FB7F8940E943D
S11307006B020E948802813011F0823021F40E9431
S113071088020E9488020E946B02E9CF80912A031A
S1130720882309F039C06FB7F894209121013091E2
S113073022014091230150912401809176059091EA
S11307407705A0917805B0917905280F391F4A1FC4
S11307505B1F6FBFE0906605F09067050091680528
S11307601091690510922A039FB7F89481E0809351
S1130770750520937605309377054093780550935B
S11307807905E0922101F092220100932301109354
S113079024019FBF0E94E3010E94DD0046C00E9425
S11307A0DD005B016C018FB7F894109275058FBF63
S11307B0E3E4F3E08FEFE82E8FEFF82E8FEF082FAE
S11307C08FE7182F60E0808581FF1BC080819181B5
S11307D0A281B381A6019501281B390B4A0B5B0B3F
S11307E0DA01C9012481358146815781281B390BDF
S11307F04A0B5B0B2E153F054007510714F461E0CB
S113080002C0A8019701399683E0EE35F80719F084
S113081079018A01D8CF662309F483C0121613061E
S1130820140615062CF0C601B5010E94240179C0F6
S113083020936605309367054093680550936905D6
S113084081E080932A039FB7F89480937505A09262
S11308507605B0927705C0927805D09279052093F9
S113086021013093220140932301509324019FBF1F
S11308700E94E30156C09FB7F8948091600380936F
S1130880190183E080931D019FBF809119019FB7D7
S1130890F89480931A019FBF882309F042C02093E3
S11308A06A059FB7F89480911A01882309F038C02B
S11308B09FBF9FB7F89430911E01313009F030C0CA
S11308C082E080931E019FBF2FB7F89480E590E0EB
S11308D090933E0380933D038AE695E090932C0326
S11308E080932B033093200130937D05109265058E
S11308F010921F012FBF9FB7F8948091BC00809382
S11309005E039FBF2FB7F89480915E03816E80933E
S11309105E0395E090931E018093BC002FBF01C03D
S11309209FBF62960FB6F894DEBF0FBECDBFCF91C6
S1130930DF911F910F91FF90EF90DF90CF90BF90C8
S1130940AF900895909172059F3F11F480E008954F
S1130950A92FB0E0FD01EB5DFC4FE081E09372054F
S1130960EF3F11F4E0937C05AB5DBC4F8FEF8C93AC
S1130970892F0E94F20281E008951F93DF93CF93A1
S11309800F92CDB7DEB7982F82538E3430F11FB754
S1130990F8949983CE01019661E070E00E94900280
S11309A0BC0140910B0150910C0180910F01909179
S11309B010018417950710F09C0103C09C0120507E
S11309C03E4F241B350B6E5F7F4F80E092E0821B0D
S11309D0930B6817790718F01FBF81E01FC082E0EE
S11309E00E94A60289810E94B90283E00E94A602A5
S11309F00E94CC02898187FF0FC080911C018F5F08
S1130A0080931C01815041F483E080935F038091C3
S1130A10C10080688093C1001FBF80E00F90CF9118
S1130A20DF911F910895DF92EF92FF920F931F932E
S1130A30D82E7A018B010E94DD0029E0D29EF001BC
S1130A401124ED5BFC4F6083718382839383E48282
S1130A50F5820683178380858E7F8260808783E09A
S1130A600E9404011F910F91FF90EF90DF90089571
S1130A701F920F920FB60F920BB60F9211242F9361
S1130A803F934F935F936F937F938F939F93AF9312
S1130A90BF93EF93FF938091C00087FF95C060914F
S1130AA0C600E0914103F09142033097E9F0809150
S1130AB07A0590917B05E80FF91F60830196909366
S1130AC07B0580937A0520917E0530917F058217FE
S1130AD0930708F479C01092420310924103809165
S1130AE05F038330D9F470C0209115013091160151
S1130AF021153105D9F4633009F066C080911301E2
S1130B0090911401909316018093150180911C011A
S1130B10815080931C01882309F056C08091C10044
S1130B208F778093C10010925F034EC0C901019674
S1130B3040911101509112018417950731F08552AB
S1130B40934040F04552514029F4109216011092FE
S1130B5015013AC0623059F4809113019091140147
S1130B602817390721F09093160180931501E0911D
S1130B701501F09116016193F0931601E0931501AC
S1130B80E552F34030F085E291E0909316018093B2
S1130B9015016330C9F48091150190911601909369
S1130BA014018093130180911C01815080931C01D6
S1130BB0882339F48091C1008F778093C10010920B
S1130BC05F0381E00E940401FF91EF91BF91AF9117
S1130BD09F918F917F916F915F914F913F912F9151
S1130BE00F900BBE0F900FBE0F901F901895789426
S1130BF01F920F920FB60F920BB60F9211241F93F0
S1130C002F933F934F935F936F937F938F939F9310
S1130C10AF93BF93EF93FF9320913A0330913B033B
S1130C20809163059091640528173907C0F4E09119
S1130C303F03F0914003E20FF31F80812F5F3F4F8A
S1130C4030933B0320933A039FB7F8948093C600F4
S1130C508091C00080648093C0009FBF32C0109216
S1130C60400310923F0310923C038091C1008F7B9C
S1130C708093C1001FB7F89480910D0190910E01EB
S1130C8090930C0180930B0160910F0170911001FE
S1130C9086179707A9F06817790710F461E673E0DF
S1130CA070930E0160930D016817790718F0681BA3
S1130CB0790B04C0681B790B60507E4F0E946F0053
S1130CC01FBFFF91EF91BF91AF919F918F917F9142
S1130CD06F915F914F913F912F911F910F900BBE98
S1130CE00F900FBE0F901F9018951F920F920FB682
S1130CF00F9211248F938091C80087FF02C08091C6
S1130D00CE008F910F900FBE0F901F90189578947E
S1130D101F920F920FB60F9211240F900FBE0F90D7
S1130D201F9018951F920F920FB60F920BB60F9249
S1130D3011242F933F934F935F936F937F938F93DC
S1130D409F93AF93BF93EF93FF938091B0008093F1
S1130D50B0008091B60081FDFCCF8091B30090E09B
S1130D600196A0E0B0E020912E0330912F03409132
S1130D70300350913103280F391F4A1F5B1F209302
S1130D802E0330932F034093300350933103789410
S1130D900E94E301FF91EF91BF91AF919F918F91D9
S1130DA07F916F915F914F913F912F910F900BBE67
S1130DB00F900FBE0F901F9018951F920F920FB6B1
S1130DC00F9211248F938091B0008093B000809192
S1130DD0B60081FDFCCF8F910F900FBE0F901F9036
S1130DE018951F920F920FB60F920BB60F92112403
S1130DF02F933F934F935F936F937F938F939F931F
S1130E00AF93BF93EF93FF939FB7F8948091BC0087
S1130E1080935E039FBF80911E01873081F480918F
S1130E201F01813009F0EAC084E080931E018091A3
S1130E305E03806C80935E038093BC00DFC08430CB
S1130E4009F086C080911F019091650540912001B1
S1130E50813009F049C09417F0F48091BB00E0910F
S1130E602B03F0912C03E90FF11D8083409165055C
S1130E70242F30E08091200190E001972817390752
S1130E8079F580917D0582FD2BC080915E038F7B77
S1130E9080935E0325C090915E03292F2E7F80915D
S1130EA07D0581FF09C08D7F80937D05206120939E
S1130EB05E038091B90003C09E7790935E03809196
S1130EC05E038093BC0081E080931E0160913D032A
S1130ED070913E0320912B0330912C0380E07FC05E
S1130EE04F5F40936505A2C020915E03941778F488
S1130EF0E0912B03F0912C03E90FF11D8081809385
S1130F00BB009F5F909365052093BC0077C0922F30
S1130F109E7F80917D0581FF07C08D7F80937D0535
S1130F20906190935E0303C02E7720935E038091BB
S1130F305E038093BC0081E080931E0160913D03B9
S1130F4070913E0320912B0330912C0380E04DC01F
S1130F50853009F053C080917D058E7F80937D0597
S1130F6090915E039F7D90935E038091B900887F8A
S1130F70883009F43DC08091B900887F803109F43C
S1130F8037C09FB7F8948091BC0080935E039FBFE5
S1130F9080915E038A7F80935E038093BC009FB739
S1130FA0F8948091BC0080935E039FBF80915E03A0
S1130FB0846080935E038093BC0081E080931E0173
S1130FC080911F0120912B0330912C0360913D03EC
S1130FD070913E03882331F081E0409120010E940A
S1130FE07E0128C081E0409120010E94A90022C016
S1130FF083E080931E01906490935E0380911E01B0
S11310008330C1F480911F01813041F480913D030C
S1131010880F81608093BB0087E006C080913D0308
S1131020880F8093BB0084E080931E0180915E034F
S11310308093BC00FF91EF91BF91AF919F918F91ED
S11310407F916F915F914F913F912F910F900BBEC4
S11310500F900FBE0F901F901895FF920F931F9340
S1131060CF93DF93FFB6F89414BE88E10FB6F894DB
S113107080936000109260000FBE85E293E06FEFF2
S113108070E045E050E00E94780A8FEF809372058B
S113109080937C0581E08093810080E28093B60098
S11310A083E08093B10080918400909185004AE7A9
S11310B020918400309185002817390708F44150A5
S11310C0442311F0C901F4CF9091B2008091B20091
S11310D08917E1F320918400309185009091B2004A
S11310E08091B2008917E1F380918400909185008A
S11310F04096821B930B35E0969587953A95E1F7D8
S113110090937405809373051092B1008091B1009F
S113111080938100809181008093B6001092B20088
S113112010928500109284008FEF87BB87B386BB33
S11311308091B6008571E1F70A9A099A089A129A81
S1131140119A109A0E94A2048823E1F78FEF8093EA
S11311502D0388E0E2E3F3E0DF011D928A95E9F7CD
S11311608091B60080628093B6008091B60081FDC4
S1131170FCCF82E08093B0008091B60080FDFCCF6C
S113118083E08093B1008091B60083FDFCCF86EEAE
S11311908093B300809170008260809370000E94FD
S11311A0E30112E006E0609173057091740580E03C
S11311B090E02CE0660F771F881F991F2A95D1F7BE
S11311C020E036E940E050E00E94560A21503040C9
S11311D02093C4003093C5001093C0000093C20054
S11311E01092C1002093CC003093CD001093C8001E
S11311F00093CA001092C9008091C1008F7B809334
S1131200C1008091C1008F778093C10010925F0369
S113121010923C038091C10088608093C10080914A
S1131220C10080618093C1008091C1008068809377
S1131230C1000E94A2048823E1F7FFBE78949FB7FF
S1131240F89480911D01882309F044C031E0309363
S11312501D01109260039FBF2FB7F89480911E0167
S11312608823F1F4409A419A389839981092B90039
S113127081E48093B8001092BA001092BC009FB72A
S1131280F8948091BC0080935E039FBF80915E03BD
S113129084608E7F80935E038093BC0030931E0134
S11312A02FBF1FB7F89480911901813089F4809180
S11312B01D01813021F484E00E94040109C08230C0
S11312C039F4809160038093190183E080931D01B8
S11312D01FBF16C080912D038F3F89F4E091180140
S11312E0EE2369F0809117018F3F19F410921701D2
S11312F004C0F0E0E35DFC4F1082109218019FBF20
S113130080E04AEF50E060E070E00E94130581E065
S113131044EF51E060E070E00E94130582E048EE83
S113132053E060E070E00E94130580E091E06BE020
S113133070E00E949002BC01695F7F4F1FB7F89470
S113134040910B0150910C0180910F01909110017B
S11313508417950710F09C0103C09C0120503E4F58
S1131360241B350B80E092E0821B930B68177907EE
S113137028F56150714010F582E00E94A60283E3D3
S11313800E94B902C0E0D1E003C021960E94B902D4
S113139088818823D1F70E94B90283E00E94A602C3
S11313A080E00E94A60280E00E94A60280E00E94E3
S11313B0A60280E00E94A6020E94CC021FBF80E029
S11313C00E94BD048FE20E94BD0480E00E940401DB
S11313D01FEF3FB7F8944DC080916F008672D9F427
S11313E0809171008672B9F40CB407FC14C080912A
S11313F0C100887181F48091C900887161F4809181
S1131400BC0082FD08C080917A0087FD02C025E0FF
S113141003C021E001C020E08091700090E083705F
S11314209070892B11F4E5E012C08091B6008A71A6
S1131430E1F78091B3009091B200891B8C3030F0B9
S11314408091B200853F10F4E3E001C0E2E083B78D
S11314502E1708F4E22FF0E0E457FF4FE491807F69
S113146081608E2B83BF78948895F89483B78E7FA0
S113147083BF809172058F3F99F0A82FB0E0FD01E2
S1131480EB5DFC4FE081E0937205EF3F11F4E093D4
S11314907C05AB5DBC4F1C933FBF0E94F20299CF09
S11314A080916E00867009F0B6CF96CFA1E21A2E15
S11314B0AA1BBB1BFD010DC0AA1FBB1FEE1FFF1FF4
S11314C0A217B307E407F50720F0A21BB30BE40B44
S11314D0F50B661F771F881F991F1A9469F760958B
S11314E07095809590959B01AC01BD01CF01089545
S11314F0DC0101C06D9341505040E0F70895F89429
S1051500FFCF17
S113150248616C6C6F2057656C7400610361036100
S10F151203250125012501FFFF01FF0056
S9030000FC
